<?xml version="1.0" encoding="UTF-8"?>
<testng-results skipped="0" failed="0" total="1" passed="1">
  <reporter-output>
  </reporter-output>
  <suite name="Default suite" duration-ms="72521" started-at="2016-12-07T13:04:54Z" finished-at="2016-12-07T13:06:07Z">
    <groups>
    </groups>
    <test name="Default test" duration-ms="72521" started-at="2016-12-07T13:04:54Z" finished-at="2016-12-07T13:06:07Z">
      <class name="com.test.testcase.Test_RemoveContact">
        <test-method status="PASS" signature="setUp()[pri:0, instance:com.test.testcase.Test_RemoveContact@604ed9f0]" name="setUp" is-config="true" duration-ms="27857" started-at="2016-12-07T18:34:54Z" finished-at="2016-12-07T18:35:22Z">
          <reporter-output>
          </reporter-output>
        </test-method> <!-- setUp -->
        <test-method status="PASS" signature="deleteContact()[pri:0, instance:com.test.testcase.Test_RemoveContact@604ed9f0]" name="deleteContact" duration-ms="39304" started-at="2016-12-07T18:35:22Z" finished-at="2016-12-07T18:36:01Z">
          <reporter-output>
          </reporter-output>
        </test-method> <!-- deleteContact -->
        <test-method status="PASS" signature="tearDown()[pri:0, instance:com.test.testcase.Test_RemoveContact@604ed9f0]" name="tearDown" is-config="true" duration-ms="5344" started-at="2016-12-07T18:36:01Z" finished-at="2016-12-07T18:36:07Z">
          <reporter-output>
          </reporter-output>
        </test-method> <!-- tearDown -->
      </class> <!-- com.test.testcase.Test_RemoveContact -->
    </test> <!-- Default test -->
  </suite> <!-- Default suite -->
</testng-results>
