<?xml version="1.0" encoding="UTF-8"?>
<testng-results skipped="0" failed="0" total="1" passed="1">
  <reporter-output>
  </reporter-output>
  <suite name="com.test.testcase.NewTest" duration-ms="24" started-at="2016-12-07T10:13:47Z" finished-at="2016-12-07T10:13:47Z">
    <groups>
    </groups>
    <test name="Command line test" duration-ms="24" started-at="2016-12-07T10:13:47Z" finished-at="2016-12-07T10:13:47Z">
      <class name="com.test.testcase.NewTest">
        <test-method status="PASS" signature="f()[pri:0, instance:com.test.testcase.NewTest@735f7ae5]" name="f" duration-ms="9" started-at="2016-12-07T15:43:47Z" finished-at="2016-12-07T15:43:47Z">
          <reporter-output>
          </reporter-output>
        </test-method> <!-- f -->
      </class> <!-- com.test.testcase.NewTest -->
    </test> <!-- Command line test -->
  </suite> <!-- com.test.testcase.NewTest -->
</testng-results>
